mode: set
github.com/velocitykode/velwatch-go/proto/events/v1/events.pb.go:45.25,50.2 4 0
github.com/velocitykode/velwatch-go/proto/events/v1/events.pb.go:52.33,54.2 1 0
github.com/velocitykode/velwatch-go/proto/events/v1/events.pb.go:56.31,56.32 0 0
github.com/velocitykode/velwatch-go/proto/events/v1/events.pb.go:58.53,60.14 2 0
github.com/velocitykode/velwatch-go/proto/events/v1/events.pb.go:60.14,62.34 2 0
github.com/velocitykode/velwatch-go/proto/events/v1/events.pb.go:62.34,64.4 1 0
github.com/velocitykode/velwatch-go/proto/events/v1/events.pb.go:65.3,65.12 1 0
github.com/velocitykode/velwatch-go/proto/events/v1/events.pb.go:67.2,67.24 1 0
github.com/velocitykode/velwatch-go/proto/events/v1/events.pb.go:71.44,73.2 1 0
github.com/velocitykode/velwatch-go/proto/events/v1/events.pb.go:75.34,76.14 1 0
github.com/velocitykode/velwatch-go/proto/events/v1/events.pb.go:76.14,78.3 1 0
github.com/velocitykode/velwatch-go/proto/events/v1/events.pb.go:79.2,79.11 1 0
github.com/velocitykode/velwatch-go/proto/events/v1/events.pb.go:82.40,83.14 1 0
github.com/velocitykode/velwatch-go/proto/events/v1/events.pb.go:83.14,85.3 1 0
github.com/velocitykode/velwatch-go/proto/events/v1/events.pb.go:86.2,86.10 1 0
github.com/velocitykode/velwatch-go/proto/events/v1/events.pb.go:89.37,90.14 1 0
github.com/velocitykode/velwatch-go/proto/events/v1/events.pb.go:90.14,92.3 1 0
github.com/velocitykode/velwatch-go/proto/events/v1/events.pb.go:93.2,93.11 1 0
github.com/velocitykode/velwatch-go/proto/events/v1/events.pb.go:96.36,97.14 1 0
github.com/velocitykode/velwatch-go/proto/events/v1/events.pb.go:97.14,99.3 1 0
github.com/velocitykode/velwatch-go/proto/events/v1/events.pb.go:100.2,100.11 1 0
github.com/velocitykode/velwatch-go/proto/events/v1/events.pb.go:103.38,104.35 1 0
github.com/velocitykode/velwatch-go/proto/events/v1/events.pb.go:104.35,106.3 1 0
github.com/velocitykode/velwatch-go/proto/events/v1/events.pb.go:107.2,107.11 1 0
github.com/velocitykode/velwatch-go/proto/events/v1/events.pb.go:110.44,111.14 1 0
github.com/velocitykode/velwatch-go/proto/events/v1/events.pb.go:111.14,113.3 1 0
github.com/velocitykode/velwatch-go/proto/events/v1/events.pb.go:114.2,114.11 1 0
github.com/velocitykode/velwatch-go/proto/events/v1/events.pb.go:117.45,118.14 1 0
github.com/velocitykode/velwatch-go/proto/events/v1/events.pb.go:118.14,120.3 1 0
github.com/velocitykode/velwatch-go/proto/events/v1/events.pb.go:121.2,121.12 1 0
github.com/velocitykode/velwatch-go/proto/events/v1/events.pb.go:133.33,138.2 4 0
github.com/velocitykode/velwatch-go/proto/events/v1/events.pb.go:140.41,142.2 1 0
github.com/velocitykode/velwatch-go/proto/events/v1/events.pb.go:144.39,144.40 0 0
github.com/velocitykode/velwatch-go/proto/events/v1/events.pb.go:146.61,148.14 2 0
github.com/velocitykode/velwatch-go/proto/events/v1/events.pb.go:148.14,150.34 2 0
github.com/velocitykode/velwatch-go/proto/events/v1/events.pb.go:150.34,152.4 1 0
github.com/velocitykode/velwatch-go/proto/events/v1/events.pb.go:153.3,153.12 1 0
github.com/velocitykode/velwatch-go/proto/events/v1/events.pb.go:155.2,155.24 1 0
github.com/velocitykode/velwatch-go/proto/events/v1/events.pb.go:159.52,161.2 1 0
github.com/velocitykode/velwatch-go/proto/events/v1/events.pb.go:163.46,164.14 1 0
github.com/velocitykode/velwatch-go/proto/events/v1/events.pb.go:164.14,166.3 1 0
github.com/velocitykode/velwatch-go/proto/events/v1/events.pb.go:167.2,167.12 1 0
github.com/velocitykode/velwatch-go/proto/events/v1/events.pb.go:185.34,190.2 4 0
github.com/velocitykode/velwatch-go/proto/events/v1/events.pb.go:192.42,194.2 1 0
github.com/velocitykode/velwatch-go/proto/events/v1/events.pb.go:196.40,196.41 0 0
github.com/velocitykode/velwatch-go/proto/events/v1/events.pb.go:198.62,200.14 2 0
github.com/velocitykode/velwatch-go/proto/events/v1/events.pb.go:200.14,202.34 2 0
github.com/velocitykode/velwatch-go/proto/events/v1/events.pb.go:202.34,204.4 1 0
github.com/velocitykode/velwatch-go/proto/events/v1/events.pb.go:205.3,205.12 1 0
github.com/velocitykode/velwatch-go/proto/events/v1/events.pb.go:207.2,207.24 1 0
github.com/velocitykode/velwatch-go/proto/events/v1/events.pb.go:211.53,213.2 1 0
github.com/velocitykode/velwatch-go/proto/events/v1/events.pb.go:215.44,216.14 1 0
github.com/velocitykode/velwatch-go/proto/events/v1/events.pb.go:216.14,218.3 1 0
github.com/velocitykode/velwatch-go/proto/events/v1/events.pb.go:219.2,219.14 1 0
github.com/velocitykode/velwatch-go/proto/events/v1/events.pb.go:222.46,223.14 1 0
github.com/velocitykode/velwatch-go/proto/events/v1/events.pb.go:223.14,225.3 1 0
github.com/velocitykode/velwatch-go/proto/events/v1/events.pb.go:226.2,226.10 1 0
github.com/velocitykode/velwatch-go/proto/events/v1/events.pb.go:229.46,230.14 1 0
github.com/velocitykode/velwatch-go/proto/events/v1/events.pb.go:230.14,232.3 1 0
github.com/velocitykode/velwatch-go/proto/events/v1/events.pb.go:233.2,233.10 1 0
github.com/velocitykode/velwatch-go/proto/events/v1/events.pb.go:236.52,237.14 1 0
github.com/velocitykode/velwatch-go/proto/events/v1/events.pb.go:237.14,239.3 1 0
github.com/velocitykode/velwatch-go/proto/events/v1/events.pb.go:240.2,240.12 1 0
github.com/velocitykode/velwatch-go/proto/events/v1/events.pb.go:256.23,261.2 4 0
github.com/velocitykode/velwatch-go/proto/events/v1/events.pb.go:263.31,265.2 1 0
github.com/velocitykode/velwatch-go/proto/events/v1/events.pb.go:267.29,267.30 0 0
github.com/velocitykode/velwatch-go/proto/events/v1/events.pb.go:269.51,271.14 2 0
github.com/velocitykode/velwatch-go/proto/events/v1/events.pb.go:271.14,273.34 2 0
github.com/velocitykode/velwatch-go/proto/events/v1/events.pb.go:273.34,275.4 1 0
github.com/velocitykode/velwatch-go/proto/events/v1/events.pb.go:276.3,276.12 1 0
github.com/velocitykode/velwatch-go/proto/events/v1/events.pb.go:278.2,278.24 1 0
github.com/velocitykode/velwatch-go/proto/events/v1/events.pb.go:282.42,284.2 1 0
github.com/velocitykode/velwatch-go/proto/events/v1/events.pb.go:286.34,287.14 1 0
github.com/velocitykode/velwatch-go/proto/events/v1/events.pb.go:287.14,289.3 1 0
github.com/velocitykode/velwatch-go/proto/events/v1/events.pb.go:290.2,290.11 1 0
github.com/velocitykode/velwatch-go/proto/events/v1/events.pb.go:293.34,294.14 1 0
github.com/velocitykode/velwatch-go/proto/events/v1/events.pb.go:294.14,296.3 1 0
github.com/velocitykode/velwatch-go/proto/events/v1/events.pb.go:297.2,297.14 1 0
github.com/velocitykode/velwatch-go/proto/events/v1/events.pb.go:300.33,301.32 1 0
github.com/velocitykode/velwatch-go/proto/events/v1/events.pb.go:301.32,303.3 1 0
github.com/velocitykode/velwatch-go/proto/events/v1/events.pb.go:304.2,304.11 1 0
github.com/velocitykode/velwatch-go/proto/events/v1/events.pb.go:320.30,325.2 4 0
github.com/velocitykode/velwatch-go/proto/events/v1/events.pb.go:327.38,329.2 1 0
github.com/velocitykode/velwatch-go/proto/events/v1/events.pb.go:331.36,331.37 0 0
github.com/velocitykode/velwatch-go/proto/events/v1/events.pb.go:333.58,335.14 2 0
github.com/velocitykode/velwatch-go/proto/events/v1/events.pb.go:335.14,337.34 2 0
github.com/velocitykode/velwatch-go/proto/events/v1/events.pb.go:337.34,339.4 1 0
github.com/velocitykode/velwatch-go/proto/events/v1/events.pb.go:340.3,340.12 1 0
github.com/velocitykode/velwatch-go/proto/events/v1/events.pb.go:342.2,342.24 1 0
github.com/velocitykode/velwatch-go/proto/events/v1/events.pb.go:346.49,348.2 1 0
github.com/velocitykode/velwatch-go/proto/events/v1/events.pb.go:350.39,351.14 1 0
github.com/velocitykode/velwatch-go/proto/events/v1/events.pb.go:351.14,353.3 1 0
github.com/velocitykode/velwatch-go/proto/events/v1/events.pb.go:354.2,354.10 1 0
github.com/velocitykode/velwatch-go/proto/events/v1/events.pb.go:357.39,358.14 1 0
github.com/velocitykode/velwatch-go/proto/events/v1/events.pb.go:358.14,360.3 1 0
github.com/velocitykode/velwatch-go/proto/events/v1/events.pb.go:361.2,361.11 1 0
github.com/velocitykode/velwatch-go/proto/events/v1/events.pb.go:364.42,365.14 1 0
github.com/velocitykode/velwatch-go/proto/events/v1/events.pb.go:365.14,367.3 1 0
github.com/velocitykode/velwatch-go/proto/events/v1/events.pb.go:368.2,368.11 1 0
github.com/velocitykode/velwatch-go/proto/events/v1/events.pb.go:415.61,416.58 1 0
github.com/velocitykode/velwatch-go/proto/events/v1/events.pb.go:416.58,418.3 1 0
github.com/velocitykode/velwatch-go/proto/events/v1/events.pb.go:419.2,419.54 1 0
github.com/velocitykode/velwatch-go/proto/events/v1/events.pb.go:446.13,446.57 1 0
github.com/velocitykode/velwatch-go/proto/events/v1/events.pb.go:447.47,448.46 1 0
github.com/velocitykode/velwatch-go/proto/events/v1/events.pb.go:448.46,450.3 1 0
github.com/velocitykode/velwatch-go/proto/events/v1/events.pb.go:451.2,469.49 7 0
github.com/velocitykode/velwatch-go/proto/events/v1/events_grpc.pb.go:42.76,44.2 1 0
github.com/velocitykode/velwatch-go/proto/events/v1/events_grpc.pb.go:46.127,50.16 4 0
github.com/velocitykode/velwatch-go/proto/events/v1/events_grpc.pb.go:50.16,52.3 1 0
github.com/velocitykode/velwatch-go/proto/events/v1/events_grpc.pb.go:53.2,53.17 1 0
github.com/velocitykode/velwatch-go/proto/events/v1/events_grpc.pb.go:56.135,59.16 3 0
github.com/velocitykode/velwatch-go/proto/events/v1/events_grpc.pb.go:59.16,61.3 1 0
github.com/velocitykode/velwatch-go/proto/events/v1/events_grpc.pb.go:62.2,63.15 2 0
github.com/velocitykode/velwatch-go/proto/events/v1/events_grpc.pb.go:89.105,91.2 1 0
github.com/velocitykode/velwatch-go/proto/events/v1/events_grpc.pb.go:92.97,94.2 1 0
github.com/velocitykode/velwatch-go/proto/events/v1/events_grpc.pb.go:95.84,95.85 0 0
github.com/velocitykode/velwatch-go/proto/events/v1/events_grpc.pb.go:96.84,96.85 0 0
github.com/velocitykode/velwatch-go/proto/events/v1/events_grpc.pb.go:105.82,110.59 1 0
github.com/velocitykode/velwatch-go/proto/events/v1/events_grpc.pb.go:110.59,112.3 1 0
github.com/velocitykode/velwatch-go/proto/events/v1/events_grpc.pb.go:113.2,113.51 1 0
github.com/velocitykode/velwatch-go/proto/events/v1/events_grpc.pb.go:116.164,118.32 2 0
github.com/velocitykode/velwatch-go/proto/events/v1/events_grpc.pb.go:118.32,120.3 1 0
github.com/velocitykode/velwatch-go/proto/events/v1/events_grpc.pb.go:121.2,121.24 1 0
github.com/velocitykode/velwatch-go/proto/events/v1/events_grpc.pb.go:121.24,123.3 1 0
github.com/velocitykode/velwatch-go/proto/events/v1/events_grpc.pb.go:124.2,128.77 2 0
github.com/velocitykode/velwatch-go/proto/events/v1/events_grpc.pb.go:128.77,130.3 1 0
github.com/velocitykode/velwatch-go/proto/events/v1/events_grpc.pb.go:131.2,131.44 1 0
github.com/velocitykode/velwatch-go/proto/events/v1/events_grpc.pb.go:134.90,136.2 1 0
github.com/velocitykode/velwatch-go/collector.go:18.96,25.2 1 0
github.com/velocitykode/velwatch-go/collector.go:29.39,30.18 1 1
github.com/velocitykode/velwatch-go/collector.go:30.18,32.3 1 0
github.com/velocitykode/velwatch-go/collector.go:34.2,39.34 4 1
github.com/velocitykode/velwatch-go/collector.go:39.34,41.3 1 0
github.com/velocitykode/velwatch-go/collector.go:45.29,49.2 3 0
github.com/velocitykode/velwatch-go/collector.go:52.35,53.24 1 0
github.com/velocitykode/velwatch-go/collector.go:53.24,55.3 1 0
github.com/velocitykode/velwatch-go/collector.go:58.2,62.29 3 0
github.com/velocitykode/velwatch-go/collector.go:66.31,70.2 3 0
github.com/velocitykode/velwatch-go/context.go:19.84,23.2 3 0
github.com/velocitykode/velwatch-go/context.go:26.75,28.2 1 0
github.com/velocitykode/velwatch-go/context.go:31.45,32.42 1 0
github.com/velocitykode/velwatch-go/context.go:32.42,34.3 1 0
github.com/velocitykode/velwatch-go/context.go:35.2,35.11 1 0
github.com/velocitykode/velwatch-go/context.go:39.44,40.41 1 0
github.com/velocitykode/velwatch-go/context.go:40.41,42.3 1 0
github.com/velocitykode/velwatch-go/context.go:43.2,43.11 1 0
github.com/velocitykode/velwatch-go/context.go:47.46,48.43 1 0
github.com/velocitykode/velwatch-go/context.go:48.43,50.3 1 0
github.com/velocitykode/velwatch-go/context.go:51.2,51.11 1 0
github.com/velocitykode/velwatch-go/context.go:55.31,59.2 3 1
github.com/velocitykode/velwatch-go/context.go:62.30,66.2 3 1
github.com/velocitykode/velwatch-go/context.go:69.75,71.19 2 0
github.com/velocitykode/velwatch-go/context.go:71.19,73.3 1 0
github.com/velocitykode/velwatch-go/context.go:75.2,79.20 4 0
github.com/velocitykode/velwatch-go/context.go:79.20,81.3 1 0
github.com/velocitykode/velwatch-go/context.go:83.2,90.21 2 0
github.com/velocitykode/velwatch-go/context.go:102.23,105.2 0 0
github.com/velocitykode/velwatch-go/context.go:115.65,121.41 2 0
github.com/velocitykode/velwatch-go/context.go:121.41,123.3 1 0
github.com/velocitykode/velwatch-go/context.go:124.2,124.11 1 0
github.com/velocitykode/velwatch-go/context.go:128.72,129.47 1 0
github.com/velocitykode/velwatch-go/context.go:129.47,131.3 1 0
github.com/velocitykode/velwatch-go/context.go:132.2,132.44 1 0
github.com/velocitykode/velwatch-go/context.go:132.44,134.3 1 0
github.com/velocitykode/velwatch-go/context.go:135.2,135.50 1 0
github.com/velocitykode/velwatch-go/context.go:135.50,137.3 1 0
github.com/velocitykode/velwatch-go/context.go:141.83,142.15 1 0
github.com/velocitykode/velwatch-go/context.go:142.15,144.3 1 0
github.com/velocitykode/velwatch-go/context.go:145.2,145.22 1 0
github.com/velocitykode/velwatch-go/context.go:145.22,147.3 1 0
github.com/velocitykode/velwatch-go/context.go:148.2,148.21 1 0
github.com/velocitykode/velwatch-go/context.go:148.21,151.3 1 0
github.com/velocitykode/velwatch-go/context.go:153.2,154.12 2 0
github.com/velocitykode/velwatch-go/event.go:29.40,37.2 1 1
github.com/velocitykode/velwatch-go/event.go:40.86,47.2 6 0
github.com/velocitykode/velwatch-go/event.go:50.77,56.2 5 0
github.com/velocitykode/velwatch-go/event.go:59.87,66.2 6 0
github.com/velocitykode/velwatch-go/event.go:69.68,75.2 5 0
github.com/velocitykode/velwatch-go/event.go:78.80,85.2 6 1
github.com/velocitykode/velwatch-go/event.go:88.52,91.2 2 0
github.com/velocitykode/velwatch-go/event.go:94.52,97.2 2 0
github.com/velocitykode/velwatch-go/event.go:100.51,101.19 1 0
github.com/velocitykode/velwatch-go/event.go:101.19,103.3 1 0
github.com/velocitykode/velwatch-go/event.go:104.2,105.10 2 0
github.com/velocitykode/velwatch-go/event.go:109.61,110.25 1 0
github.com/velocitykode/velwatch-go/event.go:110.25,112.3 1 0
github.com/velocitykode/velwatch-go/event.go:113.2,114.10 2 0
github.com/velocitykode/velwatch-go/event.go:118.41,119.25 1 0
github.com/velocitykode/velwatch-go/event.go:119.25,121.3 1 0
github.com/velocitykode/velwatch-go/event.go:122.2,123.16 2 0
github.com/velocitykode/velwatch-go/event.go:123.16,125.3 1 0
github.com/velocitykode/velwatch-go/event.go:126.2,126.18 1 0
github.com/velocitykode/velwatch-go/listeners.go:26.92,33.2 1 1
github.com/velocitykode/velwatch-go/listeners.go:36.32,54.2 10 0
github.com/velocitykode/velwatch-go/listeners.go:57.34,58.36 1 0
github.com/velocitykode/velwatch-go/listeners.go:58.36,60.3 1 0
github.com/velocitykode/velwatch-go/listeners.go:61.2,61.20 1 0
github.com/velocitykode/velwatch-go/listeners.go:64.100,67.2 2 0
github.com/velocitykode/velwatch-go/listeners.go:70.41,71.25 1 1
github.com/velocitykode/velwatch-go/listeners.go:71.25,73.3 1 1
github.com/velocitykode/velwatch-go/listeners.go:74.2,74.38 1 1
github.com/velocitykode/velwatch-go/listeners.go:79.70,80.23 1 0
github.com/velocitykode/velwatch-go/listeners.go:80.23,82.3 1 0
github.com/velocitykode/velwatch-go/listeners.go:84.2,93.25 4 0
github.com/velocitykode/velwatch-go/listeners.go:93.25,95.3 1 0
github.com/velocitykode/velwatch-go/listeners.go:96.2,96.24 1 0
github.com/velocitykode/velwatch-go/listeners.go:96.24,98.3 1 0
github.com/velocitykode/velwatch-go/listeners.go:99.2,105.12 6 0
github.com/velocitykode/velwatch-go/listeners.go:108.68,109.23 1 0
github.com/velocitykode/velwatch-go/listeners.go:109.23,111.3 1 0
github.com/velocitykode/velwatch-go/listeners.go:114.2,116.19 3 0
github.com/velocitykode/velwatch-go/listeners.go:116.19,118.3 1 0
github.com/velocitykode/velwatch-go/listeners.go:119.2,119.18 1 0
github.com/velocitykode/velwatch-go/listeners.go:119.18,121.3 1 0
github.com/velocitykode/velwatch-go/listeners.go:124.2,129.20 5 0
github.com/velocitykode/velwatch-go/listeners.go:129.20,131.3 1 0
github.com/velocitykode/velwatch-go/listeners.go:132.2,132.17 1 0
github.com/velocitykode/velwatch-go/listeners.go:132.17,134.3 1 0
github.com/velocitykode/velwatch-go/listeners.go:136.2,139.20 2 0
github.com/velocitykode/velwatch-go/listeners.go:139.20,149.3 5 0
github.com/velocitykode/velwatch-go/listeners.go:151.2,151.12 1 0
github.com/velocitykode/velwatch-go/listeners.go:156.65,157.23 1 0
github.com/velocitykode/velwatch-go/listeners.go:157.23,159.3 1 0
github.com/velocitykode/velwatch-go/listeners.go:162.2,167.19 4 0
github.com/velocitykode/velwatch-go/listeners.go:167.19,169.3 1 0
github.com/velocitykode/velwatch-go/listeners.go:171.2,178.20 4 0
github.com/velocitykode/velwatch-go/listeners.go:178.20,180.3 1 0
github.com/velocitykode/velwatch-go/listeners.go:181.2,187.12 6 0
github.com/velocitykode/velwatch-go/listeners.go:192.57,193.23 1 0
github.com/velocitykode/velwatch-go/listeners.go:193.23,195.3 1 0
github.com/velocitykode/velwatch-go/listeners.go:198.2,202.19 4 0
github.com/velocitykode/velwatch-go/listeners.go:202.19,204.3 1 0
github.com/velocitykode/velwatch-go/listeners.go:206.2,209.20 4 0
github.com/velocitykode/velwatch-go/listeners.go:209.20,211.3 1 0
github.com/velocitykode/velwatch-go/listeners.go:212.2,216.12 4 0
github.com/velocitykode/velwatch-go/listeners.go:219.59,220.23 1 0
github.com/velocitykode/velwatch-go/listeners.go:220.23,222.3 1 0
github.com/velocitykode/velwatch-go/listeners.go:225.2,229.19 4 0
github.com/velocitykode/velwatch-go/listeners.go:229.19,231.3 1 0
github.com/velocitykode/velwatch-go/listeners.go:233.2,236.20 4 0
github.com/velocitykode/velwatch-go/listeners.go:236.20,238.3 1 0
github.com/velocitykode/velwatch-go/listeners.go:239.2,243.12 4 0
github.com/velocitykode/velwatch-go/listeners.go:246.65,247.23 1 0
github.com/velocitykode/velwatch-go/listeners.go:247.23,249.3 1 0
github.com/velocitykode/velwatch-go/listeners.go:252.2,256.19 4 0
github.com/velocitykode/velwatch-go/listeners.go:256.19,258.3 1 0
github.com/velocitykode/velwatch-go/listeners.go:260.2,263.20 4 0
github.com/velocitykode/velwatch-go/listeners.go:263.20,265.3 1 0
github.com/velocitykode/velwatch-go/listeners.go:266.2,271.12 5 0
github.com/velocitykode/velwatch-go/listeners.go:276.59,277.23 1 1
github.com/velocitykode/velwatch-go/listeners.go:277.23,279.3 1 1
github.com/velocitykode/velwatch-go/listeners.go:282.2,287.19 4 1
github.com/velocitykode/velwatch-go/listeners.go:287.19,289.3 1 1
github.com/velocitykode/velwatch-go/listeners.go:290.2,290.18 1 1
github.com/velocitykode/velwatch-go/listeners.go:290.18,292.3 1 1
github.com/velocitykode/velwatch-go/listeners.go:294.2,297.20 4 1
github.com/velocitykode/velwatch-go/listeners.go:297.20,299.3 1 1
github.com/velocitykode/velwatch-go/listeners.go:300.2,302.15 3 1
github.com/velocitykode/velwatch-go/listeners.go:302.15,304.3 1 1
github.com/velocitykode/velwatch-go/listeners.go:306.2,307.12 2 1
github.com/velocitykode/velwatch-go/listeners.go:310.67,314.2 1 1
github.com/velocitykode/velwatch-go/listeners.go:316.65,317.23 1 1
github.com/velocitykode/velwatch-go/listeners.go:317.23,319.3 1 1
github.com/velocitykode/velwatch-go/listeners.go:322.2,326.19 4 1
github.com/velocitykode/velwatch-go/listeners.go:326.19,328.3 1 1
github.com/velocitykode/velwatch-go/listeners.go:329.2,329.18 1 1
github.com/velocitykode/velwatch-go/listeners.go:329.18,331.3 1 1
github.com/velocitykode/velwatch-go/listeners.go:333.2,336.20 4 1
github.com/velocitykode/velwatch-go/listeners.go:336.20,338.3 1 1
github.com/velocitykode/velwatch-go/listeners.go:339.2,342.12 3 1
github.com/velocitykode/velwatch-go/listeners.go:345.59,346.23 1 1
github.com/velocitykode/velwatch-go/listeners.go:346.23,348.3 1 1
github.com/velocitykode/velwatch-go/listeners.go:351.2,355.19 4 1
github.com/velocitykode/velwatch-go/listeners.go:355.19,357.3 1 1
github.com/velocitykode/velwatch-go/listeners.go:358.2,358.18 1 1
github.com/velocitykode/velwatch-go/listeners.go:358.18,360.3 1 1
github.com/velocitykode/velwatch-go/listeners.go:362.2,365.20 4 1
github.com/velocitykode/velwatch-go/listeners.go:365.20,367.3 1 1
github.com/velocitykode/velwatch-go/listeners.go:368.2,372.12 4 1
github.com/velocitykode/velwatch-go/listeners.go:376.80,381.63 4 0
github.com/velocitykode/velwatch-go/listeners.go:381.63,383.3 1 0
github.com/velocitykode/velwatch-go/listeners.go:385.2,390.19 4 0
github.com/velocitykode/velwatch-go/listeners.go:390.19,392.3 1 0
github.com/velocitykode/velwatch-go/listeners.go:392.8,394.3 1 0
github.com/velocitykode/velwatch-go/listeners.go:395.2,395.18 1 0
github.com/velocitykode/velwatch-go/listeners.go:395.18,397.3 1 0
github.com/velocitykode/velwatch-go/listeners.go:398.2,400.26 2 0
github.com/velocitykode/velwatch-go/listeners.go:404.13,406.2 1 1
github.com/velocitykode/velwatch-go/middleware.go:17.49,18.71 1 0
github.com/velocitykode/velwatch-go/middleware.go:18.71,24.40 4 0
github.com/velocitykode/velwatch-go/middleware.go:24.40,27.4 2 0
github.com/velocitykode/velwatch-go/middleware.go:30.3,31.30 2 0
github.com/velocitykode/velwatch-go/middleware.go:31.30,32.18 1 0
github.com/velocitykode/velwatch-go/middleware.go:32.18,34.5 1 0
github.com/velocitykode/velwatch-go/middleware.go:37.3,39.16 3 0
github.com/velocitykode/velwatch-go/middleware.go:39.16,41.4 1 0
github.com/velocitykode/velwatch-go/middleware.go:41.9,43.4 1 0
github.com/velocitykode/velwatch-go/middleware.go:46.3,63.21 11 0
github.com/velocitykode/velwatch-go/middleware.go:63.21,65.4 1 0
github.com/velocitykode/velwatch-go/middleware.go:66.3,69.39 2 0
github.com/velocitykode/velwatch-go/middleware.go:69.39,71.4 1 0
github.com/velocitykode/velwatch-go/middleware.go:72.3,72.25 1 0
github.com/velocitykode/velwatch-go/middleware.go:72.25,74.4 1 0
github.com/velocitykode/velwatch-go/middleware.go:76.3,76.27 1 0
github.com/velocitykode/velwatch-go/middleware.go:87.48,88.16 1 0
github.com/velocitykode/velwatch-go/middleware.go:88.16,91.3 2 0
github.com/velocitykode/velwatch-go/middleware.go:92.2,92.36 1 0
github.com/velocitykode/velwatch-go/middleware.go:95.55,96.16 1 0
github.com/velocitykode/velwatch-go/middleware.go:96.16,98.3 1 0
github.com/velocitykode/velwatch-go/middleware.go:99.2,99.34 1 0
github.com/velocitykode/velwatch-go/middleware.go:108.77,109.19 1 0
github.com/velocitykode/velwatch-go/middleware.go:109.19,111.3 1 0
github.com/velocitykode/velwatch-go/middleware.go:112.2,112.48 1 0
github.com/velocitykode/velwatch-go/middleware.go:116.80,123.19 4 0
github.com/velocitykode/velwatch-go/middleware.go:123.19,125.3 1 0
github.com/velocitykode/velwatch-go/middleware.go:126.2,126.18 1 0
github.com/velocitykode/velwatch-go/middleware.go:126.18,128.3 1 0
github.com/velocitykode/velwatch-go/middleware.go:131.2,134.25 3 0
github.com/velocitykode/velwatch-go/middleware.go:138.95,140.16 2 0
github.com/velocitykode/velwatch-go/middleware.go:140.16,142.3 1 0
github.com/velocitykode/velwatch-go/middleware.go:143.2,143.18 1 0
github.com/velocitykode/velwatch-go/middleware.go:147.122,149.16 2 0
github.com/velocitykode/velwatch-go/middleware.go:149.16,151.3 1 0
github.com/velocitykode/velwatch-go/middleware.go:152.2,153.18 2 0
github.com/velocitykode/velwatch-go/transport.go:25.82,28.18 2 0
github.com/velocitykode/velwatch-go/transport.go:28.18,30.3 1 0
github.com/velocitykode/velwatch-go/transport.go:30.8,32.3 1 0
github.com/velocitykode/velwatch-go/transport.go:35.2,39.16 4 0
github.com/velocitykode/velwatch-go/transport.go:39.16,41.3 1 0
github.com/velocitykode/velwatch-go/transport.go:43.2,49.8 2 0
github.com/velocitykode/velwatch-go/transport.go:53.49,54.22 1 0
github.com/velocitykode/velwatch-go/transport.go:54.22,56.3 1 0
github.com/velocitykode/velwatch-go/transport.go:59.2,60.27 2 0
github.com/velocitykode/velwatch-go/transport.go:60.27,71.3 2 0
github.com/velocitykode/velwatch-go/transport.go:74.2,90.16 6 0
github.com/velocitykode/velwatch-go/transport.go:90.16,93.3 2 0
github.com/velocitykode/velwatch-go/transport.go:95.2,95.40 1 0
github.com/velocitykode/velwatch-go/transport.go:95.40,97.3 1 0
github.com/velocitykode/velwatch-go/transport.go:99.2,99.12 1 0
github.com/velocitykode/velwatch-go/transport.go:103.35,104.19 1 0
github.com/velocitykode/velwatch-go/transport.go:104.19,106.3 1 0
github.com/velocitykode/velwatch-go/transport.go:107.2,107.12 1 0
github.com/velocitykode/velwatch-go/velwatch.go:83.32,87.21 3 0
github.com/velocitykode/velwatch-go/velwatch.go:87.21,89.3 1 0
github.com/velocitykode/velwatch-go/velwatch.go:92.2,92.27 1 0
github.com/velocitykode/velwatch-go/velwatch.go:92.27,94.3 1 0
github.com/velocitykode/velwatch-go/velwatch.go:95.2,95.31 1 0
github.com/velocitykode/velwatch-go/velwatch.go:95.31,97.3 1 0
github.com/velocitykode/velwatch-go/velwatch.go:98.2,98.53 1 0
github.com/velocitykode/velwatch-go/velwatch.go:98.53,100.3 1 0
github.com/velocitykode/velwatch-go/velwatch.go:103.2,103.21 1 0
github.com/velocitykode/velwatch-go/velwatch.go:103.21,106.3 2 0
github.com/velocitykode/velwatch-go/velwatch.go:109.2,109.27 1 0
github.com/velocitykode/velwatch-go/velwatch.go:109.27,111.3 1 0
github.com/velocitykode/velwatch-go/velwatch.go:112.2,112.24 1 0
github.com/velocitykode/velwatch-go/velwatch.go:112.24,114.3 1 0
github.com/velocitykode/velwatch-go/velwatch.go:116.2,120.16 3 0
github.com/velocitykode/velwatch-go/velwatch.go:120.16,123.3 2 0
github.com/velocitykode/velwatch-go/velwatch.go:126.2,148.12 8 0
github.com/velocitykode/velwatch-go/velwatch.go:153.23,157.21 3 0
github.com/velocitykode/velwatch-go/velwatch.go:157.21,159.3 1 0
github.com/velocitykode/velwatch-go/velwatch.go:161.2,164.25 3 0
github.com/velocitykode/velwatch-go/velwatch.go:164.25,166.3 1 0
github.com/velocitykode/velwatch-go/velwatch.go:169.2,175.26 3 0
github.com/velocitykode/velwatch-go/velwatch.go:175.26,177.3 1 0
github.com/velocitykode/velwatch-go/velwatch.go:180.2,180.26 1 0
github.com/velocitykode/velwatch-go/velwatch.go:180.26,182.3 1 0
github.com/velocitykode/velwatch-go/velwatch.go:185.2,185.26 1 0
github.com/velocitykode/velwatch-go/velwatch.go:185.26,187.3 1 0
github.com/velocitykode/velwatch-go/velwatch.go:189.2,189.12 1 0
github.com/velocitykode/velwatch-go/velwatch.go:192.29,198.6 4 0
github.com/velocitykode/velwatch-go/velwatch.go:198.6,199.10 1 0
github.com/velocitykode/velwatch-go/velwatch.go:200.19,201.25 1 0
github.com/velocitykode/velwatch-go/velwatch.go:202.25,203.10 1 0
github.com/velocitykode/velwatch-go/velwatch.go:209.27,213.2 3 0
github.com/velocitykode/velwatch-go/velwatch.go:217.32,222.63 4 0
github.com/velocitykode/velwatch-go/velwatch.go:222.63,224.3 1 0
github.com/velocitykode/velwatch-go/velwatch.go:226.2,226.26 1 0
github.com/velocitykode/velwatch-go/velwatch.go:230.49,232.2 1 0
github.com/velocitykode/velwatch-go/velwatch.go:235.48,237.2 1 0
